c:\users\trevor\stuff\vs\wavyboi\wavyboi\debug\wavyboi.pch
c:\users\trevor\stuff\vs\wavyboi\wavyboi\debug\vc141.pdb
c:\users\trevor\stuff\vs\wavyboi\wavyboi\debug\vc141.idb
c:\users\trevor\stuff\vs\wavyboi\wavyboi\debug\pch.obj
c:\users\trevor\stuff\vs\wavyboi\wavyboi\debug\wavyboi.obj
c:\users\trevor\stuff\vs\wavyboi\wavyboi\debug\videoloop.obj
c:\users\trevor\stuff\vs\wavyboi\wavyboi\debug\video.obj
c:\users\trevor\stuff\vs\wavyboi\wavyboi\debug\parameter.obj
c:\users\trevor\stuff\vs\wavyboi\wavyboi\debug\object.obj
c:\users\trevor\stuff\vs\wavyboi\wavyboi\debug\link.obj
c:\users\trevor\stuff\vs\wavyboi\wavyboi\debug\image.obj
c:\users\trevor\stuff\vs\wavyboi\wavyboi\debug\menu.obj
c:\users\trevor\stuff\vs\wavyboi\wavyboi\debug\displaywindow.obj
c:\users\trevor\stuff\vs\wavyboi\wavyboi\debug\controlwindow.obj
c:\users\trevor\stuff\vs\wavyboi\wavyboi\debug\animationmanager.obj
c:\users\trevor\stuff\vs\wavyboi\debug\wavyboi.exe
c:\users\trevor\stuff\vs\wavyboi\debug\wavyboi.ilk
c:\users\trevor\stuff\vs\wavyboi\debug\wavyboi.pdb
c:\users\trevor\stuff\vs\wavyboi\wavyboi\debug\wavyboi.tlog\cl.command.1.tlog
c:\users\trevor\stuff\vs\wavyboi\wavyboi\debug\wavyboi.tlog\cl.read.1.tlog
c:\users\trevor\stuff\vs\wavyboi\wavyboi\debug\wavyboi.tlog\cl.write.1.tlog
c:\users\trevor\stuff\vs\wavyboi\wavyboi\debug\wavyboi.tlog\link.command.1.tlog
c:\users\trevor\stuff\vs\wavyboi\wavyboi\debug\wavyboi.tlog\link.read.1.tlog
c:\users\trevor\stuff\vs\wavyboi\wavyboi\debug\wavyboi.tlog\link.write.1.tlog
